<?xml version="1.0" encoding="UTF-8"?>
<testsuite xmlns:xsi="http://www.w3.org/2001/XMLSchema-instance" xsi:noNamespaceSchemaLocation="https://maven.apache.org/surefire/maven-surefire-plugin/xsd/surefire-test-report.xsd" version="3.0.2" name="com.example.MainTests" time="4.174" tests="1" errors="0" skipped="0" failures="0">
  <properties>
    <property name="java.specification.version" value="17"/>
    <property name="sun.jnu.encoding" value="UTF-8"/>
    <property name="java.class.path" value="/home/tracxn-lp-703/PROJECTS/TestingAuthServer/target/test-classes:/home/tracxn-lp-703/PROJECTS/TestingAuthServer/target/classes:/home/tracxn-lp-703/.m2/repository/org/springframework/boot/spring-boot-starter-web/3.5.0/spring-boot-starter-web-3.5.0.jar:/home/tracxn-lp-703/.m2/repository/org/springframework/boot/spring-boot-starter/3.5.0/spring-boot-starter-3.5.0.jar:/home/tracxn-lp-703/.m2/repository/org/springframework/boot/spring-boot/3.5.0/spring-boot-3.5.0.jar:/home/tracxn-lp-703/.m2/repository/org/springframework/boot/spring-boot-autoconfigure/3.5.0/spring-boot-autoconfigure-3.5.0.jar:/home/tracxn-lp-703/.m2/repository/org/springframework/boot/spring-boot-starter-logging/3.5.0/spring-boot-starter-logging-3.5.0.jar:/home/tracxn-lp-703/.m2/repository/ch/qos/logback/logback-classic/1.5.18/logback-classic-1.5.18.jar:/home/tracxn-lp-703/.m2/repository/ch/qos/logback/logback-core/1.5.18/logback-core-1.5.18.jar:/home/tracxn-lp-703/.m2/repository/org/apache/logging/log4j/log4j-to-slf4j/2.24.3/log4j-to-slf4j-2.24.3.jar:/home/tracxn-lp-703/.m2/repository/org/apache/logging/log4j/log4j-api/2.24.3/log4j-api-2.24.3.jar:/home/tracxn-lp-703/.m2/repository/org/slf4j/jul-to-slf4j/2.0.17/jul-to-slf4j-2.0.17.jar:/home/tracxn-lp-703/.m2/repository/jakarta/annotation/jakarta.annotation-api/2.1.1/jakarta.annotation-api-2.1.1.jar:/home/tracxn-lp-703/.m2/repository/org/yaml/snakeyaml/2.4/snakeyaml-2.4.jar:/home/tracxn-lp-703/.m2/repository/org/springframework/boot/spring-boot-starter-json/3.5.0/spring-boot-starter-json-3.5.0.jar:/home/tracxn-lp-703/.m2/repository/com/fasterxml/jackson/datatype/jackson-datatype-jdk8/2.19.0/jackson-datatype-jdk8-2.19.0.jar:/home/tracxn-lp-703/.m2/repository/com/fasterxml/jackson/datatype/jackson-datatype-jsr310/2.19.0/jackson-datatype-jsr310-2.19.0.jar:/home/tracxn-lp-703/.m2/repository/com/fasterxml/jackson/module/jackson-module-parameter-names/2.19.0/jackson-module-parameter-names-2.19.0.jar:/home/tracxn-lp-703/.m2/repository/org/springframework/boot/spring-boot-starter-tomcat/3.5.0/spring-boot-starter-tomcat-3.5.0.jar:/home/tracxn-lp-703/.m2/repository/org/apache/tomcat/embed/tomcat-embed-core/10.1.41/tomcat-embed-core-10.1.41.jar:/home/tracxn-lp-703/.m2/repository/org/apache/tomcat/embed/tomcat-embed-el/10.1.41/tomcat-embed-el-10.1.41.jar:/home/tracxn-lp-703/.m2/repository/org/apache/tomcat/embed/tomcat-embed-websocket/10.1.41/tomcat-embed-websocket-10.1.41.jar:/home/tracxn-lp-703/.m2/repository/org/springframework/spring-web/6.2.7/spring-web-6.2.7.jar:/home/tracxn-lp-703/.m2/repository/org/springframework/spring-beans/6.2.7/spring-beans-6.2.7.jar:/home/tracxn-lp-703/.m2/repository/io/micrometer/micrometer-observation/1.15.0/micrometer-observation-1.15.0.jar:/home/tracxn-lp-703/.m2/repository/io/micrometer/micrometer-commons/1.15.0/micrometer-commons-1.15.0.jar:/home/tracxn-lp-703/.m2/repository/org/springframework/spring-webmvc/6.2.7/spring-webmvc-6.2.7.jar:/home/tracxn-lp-703/.m2/repository/org/springframework/spring-aop/6.2.7/spring-aop-6.2.7.jar:/home/tracxn-lp-703/.m2/repository/org/springframework/spring-context/6.2.7/spring-context-6.2.7.jar:/home/tracxn-lp-703/.m2/repository/org/springframework/spring-expression/6.2.7/spring-expression-6.2.7.jar:/home/tracxn-lp-703/.m2/repository/org/springframework/boot/spring-boot-starter-oauth2-authorization-server/3.5.0/spring-boot-starter-oauth2-authorization-server-3.5.0.jar:/home/tracxn-lp-703/.m2/repository/org/springframework/security/spring-security-oauth2-authorization-server/1.5.1/spring-security-oauth2-authorization-server-1.5.1.jar:/home/tracxn-lp-703/.m2/repository/org/springframework/security/spring-security-config/6.5.0/spring-security-config-6.5.0.jar:/home/tracxn-lp-703/.m2/repository/org/springframework/security/spring-security-core/6.5.0/spring-security-core-6.5.0.jar:/home/tracxn-lp-703/.m2/repository/org/springframework/security/spring-security-crypto/6.5.0/spring-security-crypto-6.5.0.jar:/home/tracxn-lp-703/.m2/repository/org/springframework/security/spring-security-web/6.5.0/spring-security-web-6.5.0.jar:/home/tracxn-lp-703/.m2/repository/org/springframework/security/spring-security-oauth2-core/6.5.0/spring-security-oauth2-core-6.5.0.jar:/home/tracxn-lp-703/.m2/repository/org/springframework/security/spring-security-oauth2-jose/6.5.0/spring-security-oauth2-jose-6.5.0.jar:/home/tracxn-lp-703/.m2/repository/org/springframework/security/spring-security-oauth2-resource-server/6.5.0/spring-security-oauth2-resource-server-6.5.0.jar:/home/tracxn-lp-703/.m2/repository/org/springframework/spring-core/6.2.7/spring-core-6.2.7.jar:/home/tracxn-lp-703/.m2/repository/org/springframework/spring-jcl/6.2.7/spring-jcl-6.2.7.jar:/home/tracxn-lp-703/.m2/repository/com/nimbusds/nimbus-jose-jwt/9.47/nimbus-jose-jwt-9.47.jar:/home/tracxn-lp-703/.m2/repository/com/fasterxml/jackson/core/jackson-databind/2.19.0/jackson-databind-2.19.0.jar:/home/tracxn-lp-703/.m2/repository/com/fasterxml/jackson/core/jackson-annotations/2.19.0/jackson-annotations-2.19.0.jar:/home/tracxn-lp-703/.m2/repository/com/fasterxml/jackson/core/jackson-core/2.19.0/jackson-core-2.19.0.jar:/home/tracxn-lp-703/.m2/repository/org/springframework/boot/spring-boot-starter-test/3.5.0/spring-boot-starter-test-3.5.0.jar:/home/tracxn-lp-703/.m2/repository/org/springframework/boot/spring-boot-test/3.5.0/spring-boot-test-3.5.0.jar:/home/tracxn-lp-703/.m2/repository/org/springframework/boot/spring-boot-test-autoconfigure/3.5.0/spring-boot-test-autoconfigure-3.5.0.jar:/home/tracxn-lp-703/.m2/repository/com/jayway/jsonpath/json-path/2.9.0/json-path-2.9.0.jar:/home/tracxn-lp-703/.m2/repository/org/slf4j/slf4j-api/2.0.17/slf4j-api-2.0.17.jar:/home/tracxn-lp-703/.m2/repository/jakarta/xml/bind/jakarta.xml.bind-api/4.0.2/jakarta.xml.bind-api-4.0.2.jar:/home/tracxn-lp-703/.m2/repository/jakarta/activation/jakarta.activation-api/2.1.3/jakarta.activation-api-2.1.3.jar:/home/tracxn-lp-703/.m2/repository/net/minidev/json-smart/2.5.2/json-smart-2.5.2.jar:/home/tracxn-lp-703/.m2/repository/net/minidev/accessors-smart/2.5.2/accessors-smart-2.5.2.jar:/home/tracxn-lp-703/.m2/repository/org/ow2/asm/asm/9.7.1/asm-9.7.1.jar:/home/tracxn-lp-703/.m2/repository/org/assertj/assertj-core/3.27.3/assertj-core-3.27.3.jar:/home/tracxn-lp-703/.m2/repository/net/bytebuddy/byte-buddy/1.17.5/byte-buddy-1.17.5.jar:/home/tracxn-lp-703/.m2/repository/org/awaitility/awaitility/4.3.0/awaitility-4.3.0.jar:/home/tracxn-lp-703/.m2/repository/org/hamcrest/hamcrest/3.0/hamcrest-3.0.jar:/home/tracxn-lp-703/.m2/repository/org/junit/jupiter/junit-jupiter/5.12.2/junit-jupiter-5.12.2.jar:/home/tracxn-lp-703/.m2/repository/org/junit/jupiter/junit-jupiter-api/5.12.2/junit-jupiter-api-5.12.2.jar:/home/tracxn-lp-703/.m2/repository/org/opentest4j/opentest4j/1.3.0/opentest4j-1.3.0.jar:/home/tracxn-lp-703/.m2/repository/org/junit/platform/junit-platform-commons/1.12.2/junit-platform-commons-1.12.2.jar:/home/tracxn-lp-703/.m2/repository/org/apiguardian/apiguardian-api/1.1.2/apiguardian-api-1.1.2.jar:/home/tracxn-lp-703/.m2/repository/org/junit/jupiter/junit-jupiter-params/5.12.2/junit-jupiter-params-5.12.2.jar:/home/tracxn-lp-703/.m2/repository/org/junit/jupiter/junit-jupiter-engine/5.12.2/junit-jupiter-engine-5.12.2.jar:/home/tracxn-lp-703/.m2/repository/org/junit/platform/junit-platform-engine/1.12.2/junit-platform-engine-1.12.2.jar:/home/tracxn-lp-703/.m2/repository/org/mockito/mockito-core/5.17.0/mockito-core-5.17.0.jar:/home/tracxn-lp-703/.m2/repository/net/bytebuddy/byte-buddy-agent/1.17.5/byte-buddy-agent-1.17.5.jar:/home/tracxn-lp-703/.m2/repository/org/objenesis/objenesis/3.3/objenesis-3.3.jar:/home/tracxn-lp-703/.m2/repository/org/mockito/mockito-junit-jupiter/5.17.0/mockito-junit-jupiter-5.17.0.jar:/home/tracxn-lp-703/.m2/repository/org/skyscreamer/jsonassert/1.5.3/jsonassert-1.5.3.jar:/home/tracxn-lp-703/.m2/repository/com/vaadin/external/google/android-json/0.0.20131108.vaadin1/android-json-0.0.20131108.vaadin1.jar:/home/tracxn-lp-703/.m2/repository/org/springframework/spring-test/6.2.7/spring-test-6.2.7.jar:/home/tracxn-lp-703/.m2/repository/org/xmlunit/xmlunit-core/2.10.1/xmlunit-core-2.10.1.jar:/home/tracxn-lp-703/.m2/repository/com/mysql/mysql-connector-j/8.0.33/mysql-connector-j-8.0.33.jar:/home/tracxn-lp-703/.m2/repository/org/springframework/boot/spring-boot-starter-data-jpa/3.5.0/spring-boot-starter-data-jpa-3.5.0.jar:/home/tracxn-lp-703/.m2/repository/org/springframework/boot/spring-boot-starter-jdbc/3.5.0/spring-boot-starter-jdbc-3.5.0.jar:/home/tracxn-lp-703/.m2/repository/com/zaxxer/HikariCP/6.3.0/HikariCP-6.3.0.jar:/home/tracxn-lp-703/.m2/repository/org/springframework/spring-jdbc/6.2.7/spring-jdbc-6.2.7.jar:/home/tracxn-lp-703/.m2/repository/org/hibernate/orm/hibernate-core/6.6.15.Final/hibernate-core-6.6.15.Final.jar:/home/tracxn-lp-703/.m2/repository/jakarta/persistence/jakarta.persistence-api/3.1.0/jakarta.persistence-api-3.1.0.jar:/home/tracxn-lp-703/.m2/repository/jakarta/transaction/jakarta.transaction-api/2.0.1/jakarta.transaction-api-2.0.1.jar:/home/tracxn-lp-703/.m2/repository/org/jboss/logging/jboss-logging/3.6.1.Final/jboss-logging-3.6.1.Final.jar:/home/tracxn-lp-703/.m2/repository/org/hibernate/common/hibernate-commons-annotations/7.0.3.Final/hibernate-commons-annotations-7.0.3.Final.jar:/home/tracxn-lp-703/.m2/repository/io/smallrye/jandex/3.2.0/jandex-3.2.0.jar:/home/tracxn-lp-703/.m2/repository/com/fasterxml/classmate/1.7.0/classmate-1.7.0.jar:/home/tracxn-lp-703/.m2/repository/org/glassfish/jaxb/jaxb-runtime/4.0.5/jaxb-runtime-4.0.5.jar:/home/tracxn-lp-703/.m2/repository/org/glassfish/jaxb/jaxb-core/4.0.5/jaxb-core-4.0.5.jar:/home/tracxn-lp-703/.m2/repository/org/eclipse/angus/angus-activation/2.0.2/angus-activation-2.0.2.jar:/home/tracxn-lp-703/.m2/repository/org/glassfish/jaxb/txw2/4.0.5/txw2-4.0.5.jar:/home/tracxn-lp-703/.m2/repository/com/sun/istack/istack-commons-runtime/4.1.2/istack-commons-runtime-4.1.2.jar:/home/tracxn-lp-703/.m2/repository/jakarta/inject/jakarta.inject-api/2.0.1/jakarta.inject-api-2.0.1.jar:/home/tracxn-lp-703/.m2/repository/org/antlr/antlr4-runtime/4.13.0/antlr4-runtime-4.13.0.jar:/home/tracxn-lp-703/.m2/repository/org/springframework/data/spring-data-jpa/3.5.0/spring-data-jpa-3.5.0.jar:/home/tracxn-lp-703/.m2/repository/org/springframework/data/spring-data-commons/3.5.0/spring-data-commons-3.5.0.jar:/home/tracxn-lp-703/.m2/repository/org/springframework/spring-orm/6.2.7/spring-orm-6.2.7.jar:/home/tracxn-lp-703/.m2/repository/org/springframework/spring-tx/6.2.7/spring-tx-6.2.7.jar:/home/tracxn-lp-703/.m2/repository/org/springframework/spring-aspects/6.2.7/spring-aspects-6.2.7.jar:/home/tracxn-lp-703/.m2/repository/org/aspectj/aspectjweaver/1.9.24/aspectjweaver-1.9.24.jar:"/>
    <property name="java.vm.vendor" value="Oracle Corporation"/>
    <property name="sun.arch.data.model" value="64"/>
    <property name="java.vendor.url" value="https://java.oracle.com/"/>
    <property name="user.timezone" value="Asia/Kolkata"/>
    <property name="org.jboss.logging.provider" value="slf4j"/>
    <property name="os.name" value="Linux"/>
    <property name="java.vm.specification.version" value="17"/>
    <property name="sun.java.launcher" value="SUN_STANDARD"/>
    <property name="user.country" value="US"/>
    <property name="sun.boot.library.path" value="/home/tracxn-lp-703/.java/jdk-17/lib"/>
    <property name="sun.java.command" value="/home/tracxn-lp-703/PROJECTS/TestingAuthServer/target/surefire/surefirebooter-20250720185324390_3.jar /home/tracxn-lp-703/PROJECTS/TestingAuthServer/target/surefire 2025-07-20T18-53-24_333-jvmRun1 surefire-20250720185324390_1tmp surefire_0-20250720185324390_2tmp"/>
    <property name="jdk.debug" value="release"/>
    <property name="surefire.test.class.path" value="/home/tracxn-lp-703/PROJECTS/TestingAuthServer/target/test-classes:/home/tracxn-lp-703/PROJECTS/TestingAuthServer/target/classes:/home/tracxn-lp-703/.m2/repository/org/springframework/boot/spring-boot-starter-web/3.5.0/spring-boot-starter-web-3.5.0.jar:/home/tracxn-lp-703/.m2/repository/org/springframework/boot/spring-boot-starter/3.5.0/spring-boot-starter-3.5.0.jar:/home/tracxn-lp-703/.m2/repository/org/springframework/boot/spring-boot/3.5.0/spring-boot-3.5.0.jar:/home/tracxn-lp-703/.m2/repository/org/springframework/boot/spring-boot-autoconfigure/3.5.0/spring-boot-autoconfigure-3.5.0.jar:/home/tracxn-lp-703/.m2/repository/org/springframework/boot/spring-boot-starter-logging/3.5.0/spring-boot-starter-logging-3.5.0.jar:/home/tracxn-lp-703/.m2/repository/ch/qos/logback/logback-classic/1.5.18/logback-classic-1.5.18.jar:/home/tracxn-lp-703/.m2/repository/ch/qos/logback/logback-core/1.5.18/logback-core-1.5.18.jar:/home/tracxn-lp-703/.m2/repository/org/apache/logging/log4j/log4j-to-slf4j/2.24.3/log4j-to-slf4j-2.24.3.jar:/home/tracxn-lp-703/.m2/repository/org/apache/logging/log4j/log4j-api/2.24.3/log4j-api-2.24.3.jar:/home/tracxn-lp-703/.m2/repository/org/slf4j/jul-to-slf4j/2.0.17/jul-to-slf4j-2.0.17.jar:/home/tracxn-lp-703/.m2/repository/jakarta/annotation/jakarta.annotation-api/2.1.1/jakarta.annotation-api-2.1.1.jar:/home/tracxn-lp-703/.m2/repository/org/yaml/snakeyaml/2.4/snakeyaml-2.4.jar:/home/tracxn-lp-703/.m2/repository/org/springframework/boot/spring-boot-starter-json/3.5.0/spring-boot-starter-json-3.5.0.jar:/home/tracxn-lp-703/.m2/repository/com/fasterxml/jackson/datatype/jackson-datatype-jdk8/2.19.0/jackson-datatype-jdk8-2.19.0.jar:/home/tracxn-lp-703/.m2/repository/com/fasterxml/jackson/datatype/jackson-datatype-jsr310/2.19.0/jackson-datatype-jsr310-2.19.0.jar:/home/tracxn-lp-703/.m2/repository/com/fasterxml/jackson/module/jackson-module-parameter-names/2.19.0/jackson-module-parameter-names-2.19.0.jar:/home/tracxn-lp-703/.m2/repository/org/springframework/boot/spring-boot-starter-tomcat/3.5.0/spring-boot-starter-tomcat-3.5.0.jar:/home/tracxn-lp-703/.m2/repository/org/apache/tomcat/embed/tomcat-embed-core/10.1.41/tomcat-embed-core-10.1.41.jar:/home/tracxn-lp-703/.m2/repository/org/apache/tomcat/embed/tomcat-embed-el/10.1.41/tomcat-embed-el-10.1.41.jar:/home/tracxn-lp-703/.m2/repository/org/apache/tomcat/embed/tomcat-embed-websocket/10.1.41/tomcat-embed-websocket-10.1.41.jar:/home/tracxn-lp-703/.m2/repository/org/springframework/spring-web/6.2.7/spring-web-6.2.7.jar:/home/tracxn-lp-703/.m2/repository/org/springframework/spring-beans/6.2.7/spring-beans-6.2.7.jar:/home/tracxn-lp-703/.m2/repository/io/micrometer/micrometer-observation/1.15.0/micrometer-observation-1.15.0.jar:/home/tracxn-lp-703/.m2/repository/io/micrometer/micrometer-commons/1.15.0/micrometer-commons-1.15.0.jar:/home/tracxn-lp-703/.m2/repository/org/springframework/spring-webmvc/6.2.7/spring-webmvc-6.2.7.jar:/home/tracxn-lp-703/.m2/repository/org/springframework/spring-aop/6.2.7/spring-aop-6.2.7.jar:/home/tracxn-lp-703/.m2/repository/org/springframework/spring-context/6.2.7/spring-context-6.2.7.jar:/home/tracxn-lp-703/.m2/repository/org/springframework/spring-expression/6.2.7/spring-expression-6.2.7.jar:/home/tracxn-lp-703/.m2/repository/org/springframework/boot/spring-boot-starter-oauth2-authorization-server/3.5.0/spring-boot-starter-oauth2-authorization-server-3.5.0.jar:/home/tracxn-lp-703/.m2/repository/org/springframework/security/spring-security-oauth2-authorization-server/1.5.1/spring-security-oauth2-authorization-server-1.5.1.jar:/home/tracxn-lp-703/.m2/repository/org/springframework/security/spring-security-config/6.5.0/spring-security-config-6.5.0.jar:/home/tracxn-lp-703/.m2/repository/org/springframework/security/spring-security-core/6.5.0/spring-security-core-6.5.0.jar:/home/tracxn-lp-703/.m2/repository/org/springframework/security/spring-security-crypto/6.5.0/spring-security-crypto-6.5.0.jar:/home/tracxn-lp-703/.m2/repository/org/springframework/security/spring-security-web/6.5.0/spring-security-web-6.5.0.jar:/home/tracxn-lp-703/.m2/repository/org/springframework/security/spring-security-oauth2-core/6.5.0/spring-security-oauth2-core-6.5.0.jar:/home/tracxn-lp-703/.m2/repository/org/springframework/security/spring-security-oauth2-jose/6.5.0/spring-security-oauth2-jose-6.5.0.jar:/home/tracxn-lp-703/.m2/repository/org/springframework/security/spring-security-oauth2-resource-server/6.5.0/spring-security-oauth2-resource-server-6.5.0.jar:/home/tracxn-lp-703/.m2/repository/org/springframework/spring-core/6.2.7/spring-core-6.2.7.jar:/home/tracxn-lp-703/.m2/repository/org/springframework/spring-jcl/6.2.7/spring-jcl-6.2.7.jar:/home/tracxn-lp-703/.m2/repository/com/nimbusds/nimbus-jose-jwt/9.47/nimbus-jose-jwt-9.47.jar:/home/tracxn-lp-703/.m2/repository/com/fasterxml/jackson/core/jackson-databind/2.19.0/jackson-databind-2.19.0.jar:/home/tracxn-lp-703/.m2/repository/com/fasterxml/jackson/core/jackson-annotations/2.19.0/jackson-annotations-2.19.0.jar:/home/tracxn-lp-703/.m2/repository/com/fasterxml/jackson/core/jackson-core/2.19.0/jackson-core-2.19.0.jar:/home/tracxn-lp-703/.m2/repository/org/springframework/boot/spring-boot-starter-test/3.5.0/spring-boot-starter-test-3.5.0.jar:/home/tracxn-lp-703/.m2/repository/org/springframework/boot/spring-boot-test/3.5.0/spring-boot-test-3.5.0.jar:/home/tracxn-lp-703/.m2/repository/org/springframework/boot/spring-boot-test-autoconfigure/3.5.0/spring-boot-test-autoconfigure-3.5.0.jar:/home/tracxn-lp-703/.m2/repository/com/jayway/jsonpath/json-path/2.9.0/json-path-2.9.0.jar:/home/tracxn-lp-703/.m2/repository/org/slf4j/slf4j-api/2.0.17/slf4j-api-2.0.17.jar:/home/tracxn-lp-703/.m2/repository/jakarta/xml/bind/jakarta.xml.bind-api/4.0.2/jakarta.xml.bind-api-4.0.2.jar:/home/tracxn-lp-703/.m2/repository/jakarta/activation/jakarta.activation-api/2.1.3/jakarta.activation-api-2.1.3.jar:/home/tracxn-lp-703/.m2/repository/net/minidev/json-smart/2.5.2/json-smart-2.5.2.jar:/home/tracxn-lp-703/.m2/repository/net/minidev/accessors-smart/2.5.2/accessors-smart-2.5.2.jar:/home/tracxn-lp-703/.m2/repository/org/ow2/asm/asm/9.7.1/asm-9.7.1.jar:/home/tracxn-lp-703/.m2/repository/org/assertj/assertj-core/3.27.3/assertj-core-3.27.3.jar:/home/tracxn-lp-703/.m2/repository/net/bytebuddy/byte-buddy/1.17.5/byte-buddy-1.17.5.jar:/home/tracxn-lp-703/.m2/repository/org/awaitility/awaitility/4.3.0/awaitility-4.3.0.jar:/home/tracxn-lp-703/.m2/repository/org/hamcrest/hamcrest/3.0/hamcrest-3.0.jar:/home/tracxn-lp-703/.m2/repository/org/junit/jupiter/junit-jupiter/5.12.2/junit-jupiter-5.12.2.jar:/home/tracxn-lp-703/.m2/repository/org/junit/jupiter/junit-jupiter-api/5.12.2/junit-jupiter-api-5.12.2.jar:/home/tracxn-lp-703/.m2/repository/org/opentest4j/opentest4j/1.3.0/opentest4j-1.3.0.jar:/home/tracxn-lp-703/.m2/repository/org/junit/platform/junit-platform-commons/1.12.2/junit-platform-commons-1.12.2.jar:/home/tracxn-lp-703/.m2/repository/org/apiguardian/apiguardian-api/1.1.2/apiguardian-api-1.1.2.jar:/home/tracxn-lp-703/.m2/repository/org/junit/jupiter/junit-jupiter-params/5.12.2/junit-jupiter-params-5.12.2.jar:/home/tracxn-lp-703/.m2/repository/org/junit/jupiter/junit-jupiter-engine/5.12.2/junit-jupiter-engine-5.12.2.jar:/home/tracxn-lp-703/.m2/repository/org/junit/platform/junit-platform-engine/1.12.2/junit-platform-engine-1.12.2.jar:/home/tracxn-lp-703/.m2/repository/org/mockito/mockito-core/5.17.0/mockito-core-5.17.0.jar:/home/tracxn-lp-703/.m2/repository/net/bytebuddy/byte-buddy-agent/1.17.5/byte-buddy-agent-1.17.5.jar:/home/tracxn-lp-703/.m2/repository/org/objenesis/objenesis/3.3/objenesis-3.3.jar:/home/tracxn-lp-703/.m2/repository/org/mockito/mockito-junit-jupiter/5.17.0/mockito-junit-jupiter-5.17.0.jar:/home/tracxn-lp-703/.m2/repository/org/skyscreamer/jsonassert/1.5.3/jsonassert-1.5.3.jar:/home/tracxn-lp-703/.m2/repository/com/vaadin/external/google/android-json/0.0.20131108.vaadin1/android-json-0.0.20131108.vaadin1.jar:/home/tracxn-lp-703/.m2/repository/org/springframework/spring-test/6.2.7/spring-test-6.2.7.jar:/home/tracxn-lp-703/.m2/repository/org/xmlunit/xmlunit-core/2.10.1/xmlunit-core-2.10.1.jar:/home/tracxn-lp-703/.m2/repository/com/mysql/mysql-connector-j/8.0.33/mysql-connector-j-8.0.33.jar:/home/tracxn-lp-703/.m2/repository/org/springframework/boot/spring-boot-starter-data-jpa/3.5.0/spring-boot-starter-data-jpa-3.5.0.jar:/home/tracxn-lp-703/.m2/repository/org/springframework/boot/spring-boot-starter-jdbc/3.5.0/spring-boot-starter-jdbc-3.5.0.jar:/home/tracxn-lp-703/.m2/repository/com/zaxxer/HikariCP/6.3.0/HikariCP-6.3.0.jar:/home/tracxn-lp-703/.m2/repository/org/springframework/spring-jdbc/6.2.7/spring-jdbc-6.2.7.jar:/home/tracxn-lp-703/.m2/repository/org/hibernate/orm/hibernate-core/6.6.15.Final/hibernate-core-6.6.15.Final.jar:/home/tracxn-lp-703/.m2/repository/jakarta/persistence/jakarta.persistence-api/3.1.0/jakarta.persistence-api-3.1.0.jar:/home/tracxn-lp-703/.m2/repository/jakarta/transaction/jakarta.transaction-api/2.0.1/jakarta.transaction-api-2.0.1.jar:/home/tracxn-lp-703/.m2/repository/org/jboss/logging/jboss-logging/3.6.1.Final/jboss-logging-3.6.1.Final.jar:/home/tracxn-lp-703/.m2/repository/org/hibernate/common/hibernate-commons-annotations/7.0.3.Final/hibernate-commons-annotations-7.0.3.Final.jar:/home/tracxn-lp-703/.m2/repository/io/smallrye/jandex/3.2.0/jandex-3.2.0.jar:/home/tracxn-lp-703/.m2/repository/com/fasterxml/classmate/1.7.0/classmate-1.7.0.jar:/home/tracxn-lp-703/.m2/repository/org/glassfish/jaxb/jaxb-runtime/4.0.5/jaxb-runtime-4.0.5.jar:/home/tracxn-lp-703/.m2/repository/org/glassfish/jaxb/jaxb-core/4.0.5/jaxb-core-4.0.5.jar:/home/tracxn-lp-703/.m2/repository/org/eclipse/angus/angus-activation/2.0.2/angus-activation-2.0.2.jar:/home/tracxn-lp-703/.m2/repository/org/glassfish/jaxb/txw2/4.0.5/txw2-4.0.5.jar:/home/tracxn-lp-703/.m2/repository/com/sun/istack/istack-commons-runtime/4.1.2/istack-commons-runtime-4.1.2.jar:/home/tracxn-lp-703/.m2/repository/jakarta/inject/jakarta.inject-api/2.0.1/jakarta.inject-api-2.0.1.jar:/home/tracxn-lp-703/.m2/repository/org/antlr/antlr4-runtime/4.13.0/antlr4-runtime-4.13.0.jar:/home/tracxn-lp-703/.m2/repository/org/springframework/data/spring-data-jpa/3.5.0/spring-data-jpa-3.5.0.jar:/home/tracxn-lp-703/.m2/repository/org/springframework/data/spring-data-commons/3.5.0/spring-data-commons-3.5.0.jar:/home/tracxn-lp-703/.m2/repository/org/springframework/spring-orm/6.2.7/spring-orm-6.2.7.jar:/home/tracxn-lp-703/.m2/repository/org/springframework/spring-tx/6.2.7/spring-tx-6.2.7.jar:/home/tracxn-lp-703/.m2/repository/org/springframework/spring-aspects/6.2.7/spring-aspects-6.2.7.jar:/home/tracxn-lp-703/.m2/repository/org/aspectj/aspectjweaver/1.9.24/aspectjweaver-1.9.24.jar:"/>
    <property name="sun.cpu.endian" value="little"/>
    <property name="user.home" value="/home/tracxn-lp-703"/>
    <property name="user.language" value="en"/>
    <property name="java.specification.vendor" value="Oracle Corporation"/>
    <property name="java.version.date" value="2021-09-14"/>
    <property name="java.home" value="/home/tracxn-lp-703/.java/jdk-17"/>
    <property name="file.separator" value="/"/>
    <property name="basedir" value="/home/tracxn-lp-703/PROJECTS/TestingAuthServer"/>
    <property name="java.vm.compressedOopsMode" value="Zero based"/>
    <property name="line.separator" value="&#10;"/>
    <property name="java.specification.name" value="Java Platform API Specification"/>
    <property name="java.vm.specification.vendor" value="Oracle Corporation"/>
    <property name="FILE_LOG_CHARSET" value="UTF-8"/>
    <property name="java.awt.headless" value="true"/>
    <property name="surefire.real.class.path" value="/home/tracxn-lp-703/PROJECTS/TestingAuthServer/target/surefire/surefirebooter-20250720185324390_3.jar"/>
    <property name="sun.management.compiler" value="HotSpot 64-Bit Tiered Compilers"/>
    <property name="java.runtime.version" value="17+35-2724"/>
    <property name="user.name" value="tracxn-lp-703"/>
    <property name="path.separator" value=":"/>
    <property name="os.version" value="6.14.0-24-generic"/>
    <property name="java.runtime.name" value="OpenJDK Runtime Environment"/>
    <property name="file.encoding" value="UTF-8"/>
    <property name="java.vm.name" value="OpenJDK 64-Bit Server VM"/>
    <property name="localRepository" value="/home/tracxn-lp-703/.m2/repository"/>
    <property name="java.vendor.url.bug" value="https://bugreport.java.com/bugreport/"/>
    <property name="java.io.tmpdir" value="/tmp"/>
    <property name="com.zaxxer.hikari.pool_number" value="1"/>
    <property name="java.version" value="17"/>
    <property name="user.dir" value="/home/tracxn-lp-703/PROJECTS/TestingAuthServer"/>
    <property name="os.arch" value="amd64"/>
    <property name="java.vm.specification.name" value="Java Virtual Machine Specification"/>
    <property name="PID" value="1013078"/>
    <property name="CONSOLE_LOG_CHARSET" value="UTF-8"/>
    <property name="native.encoding" value="UTF-8"/>
    <property name="java.library.path" value="/tmp/.mount_cursorbhKxKS/usr/lib/:/tmp/.mount_cursorbhKxKS/usr/lib32/:/tmp/.mount_cursorbhKxKS/usr/lib64/:/tmp/.mount_cursorbhKxKS/lib/:/tmp/.mount_cursorbhKxKS/lib/i386-linux-gnu/:/tmp/.mount_cursorbhKxKS/lib/x86_64-linux-gnu/:/tmp/.mount_cursorbhKxKS/lib/aarch64-linux-gnu/:/tmp/.mount_cursorbhKxKS/lib32/:/tmp/.mount_cursorbhKxKS/lib64/::/usr/java/packages/lib:/usr/lib64:/lib64:/lib:/usr/lib"/>
    <property name="java.vm.info" value="mixed mode, sharing"/>
    <property name="java.vendor" value="Oracle Corporation"/>
    <property name="java.vm.version" value="17+35-2724"/>
    <property name="sun.io.unicode.encoding" value="UnicodeLittle"/>
    <property name="java.class.version" value="61.0"/>
  </properties>
  <testcase name="contextLoads" classname="com.example.MainTests" time="0.344">
    <system-out><![CDATA[18:53:24.884 [main] INFO org.springframework.test.context.support.AnnotationConfigContextLoaderUtils -- Could not detect default configuration classes for test class [com.example.MainTests]: MainTests does not declare any static, non-private, non-final, nested classes annotated with @Configuration.
18:53:24.980 [main] INFO org.springframework.boot.test.context.SpringBootTestContextBootstrapper -- Found @SpringBootConfiguration com.example.Main for test class com.example.MainTests

  .   ____          _            __ _ _
 /\\ / ___'_ __ _ _(_)_ __  __ _ \ \ \ \
( ( )\___ | '_ | '_| | '_ \/ _` | \ \ \ \
 \\/  ___)| |_)| | | | | || (_| |  ) ) ) )
  '  |____| .__|_| |_|_| |_\__, | / / / /
 =========|_|==============|___/=/_/_/_/

 :: Spring Boot ::                (v3.5.0)

2025-07-20T18:53:25.301+05:30  INFO 1013078 --- [           main] com.example.MainTests                    : Starting MainTests using Java 17 with PID 1013078 (started by tracxn-lp-703 in /home/tracxn-lp-703/PROJECTS/TestingAuthServer)
2025-07-20T18:53:25.302+05:30  INFO 1013078 --- [           main] com.example.MainTests                    : No active profile set, falling back to 1 default profile: "default"
2025-07-20T18:53:25.800+05:30  INFO 1013078 --- [           main] .s.d.r.c.RepositoryConfigurationDelegate : Bootstrapping Spring Data JPA repositories in DEFAULT mode.
2025-07-20T18:53:25.837+05:30  INFO 1013078 --- [           main] .s.d.r.c.RepositoryConfigurationDelegate : Finished Spring Data repository scanning in 31 ms. Found 1 JPA repository interface.
2025-07-20T18:53:26.223+05:30  INFO 1013078 --- [           main] o.hibernate.jpa.internal.util.LogHelper  : HHH000204: Processing PersistenceUnitInfo [name: default]
2025-07-20T18:53:26.258+05:30  INFO 1013078 --- [           main] org.hibernate.Version                    : HHH000412: Hibernate ORM core version 6.6.15.Final
2025-07-20T18:53:26.285+05:30  INFO 1013078 --- [           main] o.h.c.internal.RegionFactoryInitiator    : HHH000026: Second-level cache disabled
2025-07-20T18:53:26.565+05:30  INFO 1013078 --- [           main] o.s.o.j.p.SpringPersistenceUnitInfo      : No LoadTimeWeaver setup: ignoring JPA class transformer
2025-07-20T18:53:26.587+05:30  INFO 1013078 --- [           main] com.zaxxer.hikari.HikariDataSource       : HikariPool-1 - Starting...
2025-07-20T18:53:26.817+05:30  INFO 1013078 --- [           main] com.zaxxer.hikari.pool.HikariPool        : HikariPool-1 - Added connection com.mysql.cj.jdbc.ConnectionImpl@5b1ff8cd
2025-07-20T18:53:26.819+05:30  INFO 1013078 --- [           main] com.zaxxer.hikari.HikariDataSource       : HikariPool-1 - Start completed.
2025-07-20T18:53:26.882+05:30  INFO 1013078 --- [           main] org.hibernate.orm.connections.pooling    : HHH10001005: Database info:
	Database JDBC URL [Connecting through datasource 'HikariDataSource (HikariPool-1)']
	Database driver: undefined/unknown
	Database version: 8.0.42
	Autocommit mode: undefined/unknown
	Isolation level: undefined/unknown
	Minimum pool size: undefined/unknown
	Maximum pool size: undefined/unknown
2025-07-20T18:53:27.430+05:30  INFO 1013078 --- [           main] o.h.e.t.j.p.i.JtaPlatformInitiator       : HHH000489: No JTA platform available (set 'hibernate.transaction.jta.platform' to enable JTA platform integration)
2025-07-20T18:53:27.463+05:30  INFO 1013078 --- [           main] j.LocalContainerEntityManagerFactoryBean : Initialized JPA EntityManagerFactory for persistence unit 'default'
2025-07-20T18:53:27.704+05:30  WARN 1013078 --- [           main] JpaBaseConfiguration$JpaWebConfiguration : spring.jpa.open-in-view is enabled by default. Therefore, database queries may be performed during view rendering. Explicitly configure spring.jpa.open-in-view to disable this warning
2025-07-20T18:53:27.724+05:30 TRACE 1013078 --- [           main] eGlobalAuthenticationAutowiredConfigurer : Eagerly initializing {org.springframework.boot.autoconfigure.security.servlet.SpringBootWebSecurityConfiguration$WebSecurityEnablerConfiguration=org.springframework.boot.autoconfigure.security.servlet.SpringBootWebSecurityConfiguration$WebSecurityEnablerConfiguration@485547ac}
2025-07-20T18:53:27.730+05:30  INFO 1013078 --- [           main] eAuthenticationProviderManagerConfigurer : Global AuthenticationManager configured with AuthenticationProvider bean with name authenticationProvider
2025-07-20T18:53:27.731+05:30  WARN 1013078 --- [           main] r$InitializeUserDetailsManagerConfigurer : Global AuthenticationManager configured with an AuthenticationProvider bean. UserDetailsService beans will not be used by Spring Security for automatically configuring username/password login. Consider removing the AuthenticationProvider bean. Alternatively, consider using the UserDetailsService in a manually instantiated DaoAuthenticationProvider. If the current configuration is intentional, to turn off this warning, increase the logging level of 'org.springframework.security.config.annotation.authentication.configuration.InitializeUserDetailsBeanManagerConfigurer' to ERROR
2025-07-20T18:53:27.791+05:30 DEBUG 1013078 --- [           main] o.s.s.jackson2.SecurityJackson2Modules   : Loaded module org.springframework.security.jackson2.CoreJackson2Module, now registering
2025-07-20T18:53:27.791+05:30 DEBUG 1013078 --- [           main] o.s.s.jackson2.SecurityJackson2Modules   : Loaded module org.springframework.security.web.jackson2.WebJackson2Module, now registering
2025-07-20T18:53:27.791+05:30 DEBUG 1013078 --- [           main] o.s.s.jackson2.SecurityJackson2Modules   : Loaded module org.springframework.security.web.server.jackson2.WebServerJackson2Module, now registering
2025-07-20T18:53:27.792+05:30 DEBUG 1013078 --- [           main] o.s.s.jackson2.SecurityJackson2Modules   : Loaded module org.springframework.security.web.jackson2.WebServletJackson2Module, now registering
2025-07-20T18:53:27.792+05:30 DEBUG 1013078 --- [           main] o.s.s.jackson2.SecurityJackson2Modules   : Loaded module com.fasterxml.jackson.datatype.jsr310.JavaTimeModule, now registering
2025-07-20T18:53:27.801+05:30 DEBUG 1013078 --- [           main] o.s.s.jackson2.SecurityJackson2Modules   : Loaded module org.springframework.security.jackson2.CoreJackson2Module, now registering
2025-07-20T18:53:27.801+05:30 DEBUG 1013078 --- [           main] o.s.s.jackson2.SecurityJackson2Modules   : Loaded module org.springframework.security.web.jackson2.WebJackson2Module, now registering
2025-07-20T18:53:27.801+05:30 DEBUG 1013078 --- [           main] o.s.s.jackson2.SecurityJackson2Modules   : Loaded module org.springframework.security.web.server.jackson2.WebServerJackson2Module, now registering
2025-07-20T18:53:27.801+05:30 DEBUG 1013078 --- [           main] o.s.s.jackson2.SecurityJackson2Modules   : Loaded module org.springframework.security.web.jackson2.WebServletJackson2Module, now registering
2025-07-20T18:53:27.801+05:30 DEBUG 1013078 --- [           main] o.s.s.jackson2.SecurityJackson2Modules   : Loaded module com.fasterxml.jackson.datatype.jsr310.JavaTimeModule, now registering
2025-07-20T18:53:27.805+05:30 DEBUG 1013078 --- [           main] o.s.s.jackson2.SecurityJackson2Modules   : Loaded module org.springframework.security.jackson2.CoreJackson2Module, now registering
2025-07-20T18:53:27.805+05:30 DEBUG 1013078 --- [           main] o.s.s.jackson2.SecurityJackson2Modules   : Loaded module org.springframework.security.web.jackson2.WebJackson2Module, now registering
2025-07-20T18:53:27.805+05:30 DEBUG 1013078 --- [           main] o.s.s.jackson2.SecurityJackson2Modules   : Loaded module org.springframework.security.web.server.jackson2.WebServerJackson2Module, now registering
2025-07-20T18:53:27.805+05:30 DEBUG 1013078 --- [           main] o.s.s.jackson2.SecurityJackson2Modules   : Loaded module org.springframework.security.web.jackson2.WebServletJackson2Module, now registering
2025-07-20T18:53:27.805+05:30 DEBUG 1013078 --- [           main] o.s.s.jackson2.SecurityJackson2Modules   : Loaded module com.fasterxml.jackson.datatype.jsr310.JavaTimeModule, now registering
2025-07-20T18:53:27.806+05:30 DEBUG 1013078 --- [           main] o.s.s.jackson2.SecurityJackson2Modules   : Loaded module org.springframework.security.jackson2.CoreJackson2Module, now registering
2025-07-20T18:53:27.806+05:30 DEBUG 1013078 --- [           main] o.s.s.jackson2.SecurityJackson2Modules   : Loaded module org.springframework.security.web.jackson2.WebJackson2Module, now registering
2025-07-20T18:53:27.806+05:30 DEBUG 1013078 --- [           main] o.s.s.jackson2.SecurityJackson2Modules   : Loaded module org.springframework.security.web.server.jackson2.WebServerJackson2Module, now registering
2025-07-20T18:53:27.806+05:30 DEBUG 1013078 --- [           main] o.s.s.jackson2.SecurityJackson2Modules   : Loaded module org.springframework.security.web.jackson2.WebServletJackson2Module, now registering
2025-07-20T18:53:27.806+05:30 DEBUG 1013078 --- [           main] o.s.s.jackson2.SecurityJackson2Modules   : Loaded module com.fasterxml.jackson.datatype.jsr310.JavaTimeModule, now registering
2025-07-20T18:53:28.257+05:30 DEBUG 1013078 --- [           main] o.s.s.web.DefaultSecurityFilterChain     : Will secure org.springframework.security.oauth2.server.authorization.config.annotation.web.configurers.OAuth2AuthorizationServerConfigurer$$Lambda$1700/0x00000008014e6cc0@277dddcf with filters: DisableEncodeUrlFilter, WebAsyncManagerIntegrationFilter, SecurityContextHolderFilter, AuthorizationServerContextFilter, HeaderWriterFilter, CsrfFilter, OidcLogoutEndpointFilter, LogoutFilter, StatelessUserAuthenticationFilter, OAuth2AuthorizationServerMetadataEndpointFilter, OAuth2AuthorizationEndpointFilter, OAuth2DeviceVerificationEndpointFilter, OidcProviderConfigurationEndpointFilter, NimbusJwkSetEndpointFilter, OAuth2ClientAuthenticationFilter, BearerTokenAuthenticationFilter, AuthenticationFilter, RequestCacheAwareFilter, SecurityContextHolderAwareRequestFilter, AnonymousAuthenticationFilter, ExceptionTranslationFilter, OAuth2TokenEndpointFilter, OAuth2TokenIntrospectionEndpointFilter, OAuth2TokenRevocationEndpointFilter, OAuth2DeviceAuthorizationEndpointFilter, OidcUserInfoEndpointFilter
2025-07-20T18:53:28.399+05:30 DEBUG 1013078 --- [           main] o.s.s.web.DefaultSecurityFilterChain     : Will secure any request with filters: DisableEncodeUrlFilter, WebAsyncManagerIntegrationFilter, SecurityContextHolderFilter, HeaderWriterFilter, CsrfFilter, LogoutFilter, UsernamePasswordAuthenticationFilter, DefaultResourcesFilter, DefaultLoginPageGeneratingFilter, DefaultLogoutPageGeneratingFilter, RequestCacheAwareFilter, SecurityContextHolderAwareRequestFilter, AnonymousAuthenticationFilter, ExceptionTranslationFilter, AuthorizationFilter
2025-07-20T18:53:28.603+05:30  INFO 1013078 --- [           main] com.example.MainTests                    : Started MainTests in 3.523 seconds (process running for 4.167)
]]></system-out>
  </testcase>
</testsuite>